<?xml version="1.0" encoding="UTF-8"?>
<Site BuildName="Win32-ninja"
	BuildStamp="20231229-0429-Continuous"
	Name="DavidsG15"
	Generator="ctest-3.27.8"
	CompilerName=""
	CompilerVersion=""
	OSName="Windows"
	Hostname="DavidsG15"
	OSRelease=" Professional"
	OSVersion=" (Build 22631)"
	OSPlatform="AMD64"
	Is64Bits="1"
	VendorString="GenuineIntel"
	VendorID="Intel Corporation"
	FamilyID="6"
	ModelID="10"
	ProcessorCacheSize="-1"
	NumberOfLogicalCPU="20"
	NumberOfPhysicalCPU="14"
	TotalVirtualMemory="31428"
	TotalPhysicalMemory="16068"
	LogicalProcessorsPerPhysical="1"
	ProcessorClockFrequency="2687"
	>
	<Configure>
		<StartDateTime>Dec 29 12:29 China Standard Time</StartDateTime>
		<StartConfigureTime>1703824140</StartConfigureTime>
		<ConfigureCommand>"D:/Program Files/JetBrains/CLion 2023.3.2/bin/cmake/win/x64/bin/cmake.exe" "D:/Repositories/C_C++/C-Exercises/DF1"</ConfigureCommand>
		<Log>-- Configuring done (0.3s)
-- Generating done (0.0s)
-- Build files have been written to: D:/Repositories/C_C++/C-Exercises/DF1/cmake-build-debug
</Log>
		<ConfigureStatus>0</ConfigureStatus>
		<EndDateTime>Dec 29 12:29 China Standard Time</EndDateTime>
		<EndConfigureTime>1703824140</EndConfigureTime>
		<ElapsedMinutes>0</ElapsedMinutes>
	</Configure>
</Site>
