<?xml version="1.0" encoding="UTF-8"?>
<Site BuildName="Win32-ninja"
	BuildStamp="20231229-0856-Continuous"
	Name="DavidsG15"
	Generator="ctest-3.27.8"
	CompilerName=""
	CompilerVersion=""
	OSName="Windows"
	Hostname="DavidsG15"
	OSRelease=" Professional"
	OSVersion=" (Build 22631)"
	OSPlatform="AMD64"
	Is64Bits="1"
	VendorString="GenuineIntel"
	VendorID="Intel Corporation"
	FamilyID="6"
	ModelID="10"
	ProcessorCacheSize="-1"
	NumberOfLogicalCPU="20"
	NumberOfPhysicalCPU="14"
	TotalVirtualMemory="31428"
	TotalPhysicalMemory="16068"
	LogicalProcessorsPerPhysical="1"
	ProcessorClockFrequency="2688"
	>
	<Build>
		<StartDateTime>Dec 29 16:56 China Standard Time</StartDateTime>
		<StartBuildTime>1703840192</StartBuildTime>
		<BuildCommand>"D:\Program Files\JetBrains\CLion 2023.3.2\bin\cmake\win\x64\bin\cmake.exe" --build . --config "Release"</BuildCommand>
		<Log Encoding="base64" Compression="bin/gzip"/>
		<EndDateTime>Dec 29 16:56 China Standard Time</EndDateTime>
		<EndBuildTime>1703840192</EndBuildTime>
		<ElapsedMinutes>0</ElapsedMinutes>
	</Build>
</Site>
