<?xml version="1.0" encoding="UTF-8"?>
<Site BuildName="Win32-mingw32-make"
	BuildStamp="20231009-0601-Experimental"
	Name="DavidsG15"
	Generator="ctest-3.27.0"
	CompilerName="C:/Program Files/mingw64/bin/g++.exe"
	CompilerVersion=""
	OSName="Windows"
	Hostname="DavidsG15"
	OSRelease=" Professional"
	OSVersion=" (Build 22621)"
	OSPlatform="AMD64"
	Is64Bits="1"
	VendorString="GenuineIntel"
	VendorID="Intel Corporation"
	FamilyID="6"
	ModelID="10"
	ProcessorCacheSize="-1"
	NumberOfLogicalCPU="20"
	NumberOfPhysicalCPU="14"
	TotalVirtualMemory="29380"
	TotalPhysicalMemory="16068"
	LogicalProcessorsPerPhysical="1"
	ProcessorClockFrequency="2688"
	>
	<Testing>
		<StartDateTime>Oct 09 14:01 China Standard Time</StartDateTime>
		<StartTestTime>1696831300</StartTestTime>
		<TestList/>
		<EndDateTime>Oct 09 14:01 China Standard Time</EndDateTime>
		<EndTestTime>1696831300</EndTestTime>
		<ElapsedMinutes>0</ElapsedMinutes>
	</Testing>
</Site>
