<?xml version="1.0" encoding="UTF-8"?>
<Site BuildName="Win32-mingw32-make"
	BuildStamp="20230831-0150-Experimental"
	Name="DavidsG15"
	Generator="ctest-3.27.0"
	CompilerName="C:/MinGW/bin/g++.exe"
	CompilerVersion=""
	OSName="Windows"
	Hostname="DavidsG15"
	OSRelease=" Professional"
	OSVersion=" (Build 22621)"
	OSPlatform="AMD64"
	Is64Bits="1"
	VendorString="GenuineIntel"
	VendorID="Intel Corporation"
	FamilyID="6"
	ModelID="10"
	ProcessorCacheSize="-1"
	NumberOfLogicalCPU="20"
	NumberOfPhysicalCPU="14"
	TotalVirtualMemory="29892"
	TotalPhysicalMemory="16068"
	LogicalProcessorsPerPhysical="1"
	ProcessorClockFrequency="2687"
	>
	<Testing>
		<StartDateTime>Aug 31 09:50 China Standard Time</StartDateTime>
		<StartTestTime>1693446659</StartTestTime>
		<TestList/>
		<EndDateTime>Aug 31 09:50 China Standard Time</EndDateTime>
		<EndTestTime>1693446659</EndTestTime>
		<ElapsedMinutes>0</ElapsedMinutes>
	</Testing>
</Site>
